<?xml version="1.0" encoding="utf-8"?><testsuites name="pytest tests"><testsuite name="pytest" errors="0" failures="0" skipped="0" tests="6" time="3.846" timestamp="2026-07-09T09:41:05.525651+00:00" hostname="agent-env-7ed70d10-2b98-4d5b-9d2e-c426ec84e4d7"><testcase classname="tests.backend_test.TestLeads" name="test_create_lead_minimal_payload" time="1.095" /><testcase classname="tests.backend_test.TestHealth" name="test_root_returns_200_and_message" time="0.242" /><testcase classname="tests.backend_test.TestNoDBEndpoints" name="test_status_endpoint_gone" time="0.037" /><testcase classname="tests.backend_test.TestLeads" name="test_create_lead_with_calculator" time="1.005" /><testcase classname="tests.backend_test.TestLeads" name="test_create_lead_without_comment" time="1.033" /><testcase classname="tests.backend_test.TestLeads" name="test_create_lead_missing_required_field" time="0.031" /></testsuite></testsuites>