<?xml version="1.0" encoding="utf-8"?><testsuites name="pytest tests"><testsuite name="pytest" errors="0" failures="0" skipped="0" tests="4" time="1.663" timestamp="2026-07-05T07:03:45.449574+00:00" hostname="agent-env-7ed70d10-2b98-4d5b-9d2e-c426ec84e4d7"><testcase classname="tests.backend_test.TestBackendAPI" name="test_root_endpoint" time="0.459" /><testcase classname="tests.backend_test.TestBackendAPI" name="test_create_lead_and_verify_persistence" time="0.167" /><testcase classname="tests.backend_test.TestBackendAPI" name="test_create_status_and_verify_persistence" time="0.196" /><testcase classname="tests.backend_test.TestBackendAPI" name="test_create_lead_validation_error" time="0.103" /></testsuite></testsuites>